<?xml version="1.0" encoding="UTF-8"?>
<testsuite xmlns:xsi="http://www.w3.org/2001/XMLSchema-instance" xsi:noNamespaceSchemaLocation="https://maven.apache.org/surefire/maven-surefire-plugin/xsd/surefire-test-report.xsd" version="3.0.2" name="com.marlon.notifications.application.NotificationServiceTest" time="2.069" tests="2" errors="0" skipped="0" failures="0">
  <properties>
[...]
</properties>
  <testcase name="shouldThrowExceptionWhenNoProviderFound" classname="com.marlon.notifications.application.NotificationServiceTest" time="1.97">
    <system-err><![CDATA[Mockito is currently self-attaching to enable the inline-mock-maker. This will no longer work in future releases of the JDK. Please add Mockito as an agent to your build as described in Mockito's documentation: https://javadoc.io/doc/org.mockito/mockito-core/latest/org.mockito/org/mockito/Mockito.html#0.3
WARNING: A Java agent has been loaded dynamically (C:\Users\ARYA\.m2\repository\net\bytebuddy\byte-buddy-agent\1.17.7\byte-buddy-agent-1.17.7.jar)
WARNING: If a serviceability tool is in use, please run with -XX:+EnableDynamicAgentLoading to hide this warning
WARNING: If a serviceability tool is not in use, please run with -Djdk.instrument.traceUsage for more information
WARNING: Dynamic loading of agents will be disallowed by default in a future release
[main] INFO com.marlon.notifications.application.service.NotificationService - Registrando proveedor: 'MockEmailProvider' para el tipo: EmailNotification
[main] ERROR com.marlon.notifications.application.service.NotificationService - No hay un proveedor configurado para el tipo: SmsNotification
]]></system-err>
  </testcase>
  <testcase name="shouldSendNotificationSuccessfully" classname="com.marlon.notifications.application.NotificationServiceTest" time="0.039">
    <system-err><![CDATA[[main] INFO com.marlon.notifications.application.service.NotificationService - Registrando proveedor: 'MockEmailProvider' para el tipo: EmailNotification
[main] INFO com.marlon.notifications.application.service.NotificationService - Iniciando envío de notificación [8b463dc5-f3db-45eb-9947-16582d725b6d] vía proveedor 'MockEmailProvider'
[main] INFO com.marlon.notifications.application.service.NotificationService - Notificación [8b463dc5-f3db-45eb-9947-16582d725b6d] enviada con éxito.
]]></system-err>
  </testcase>
</testsuite>